<?xml version="1.0" encoding="UTF-8"?>
<!-- Generated by org.testng.reporters.JUnitReportReporter -->
<testsuite hostname="LAPTOP-8UHT7ERE" failures="0" tests="1" name="TestScript.VerifySearchAdvanceTC8" time="36.502" errors="0" timestamp="2024-04-04T22:53:13 IST" skipped="0">
  <testcase classname="TestScript.VerifySearchAdvanceTC8" name="ClickOnSearchAdvance" time="36.502"/>
</testsuite> <!-- TestScript.VerifySearchAdvanceTC8 -->
