<?xml version="1.0" encoding="UTF-8"?>
<!-- Generated by org.testng.reporters.JUnitReportReporter -->
<testsuite hostname="LAPTOP-8UHT7ERE" failures="0" tests="1" name="TestScript.SignInTC2" time="178.261" errors="0" timestamp="2024-04-13T12:05:47 IST" skipped="0">
  <testcase classname="TestScript.SignInTC2" name="SignIn" time="178.261"/>
</testsuite> <!-- TestScript.SignInTC2 -->
