<?xml version="1.0" encoding="UTF-8"?>
<!-- Generated by org.testng.reporters.JUnitReportReporter -->
<testsuite hostname="LAPTOP-8UHT7ERE" failures="0" tests="1" name="TestScript.SearchTestCase3" time="16.018" errors="0" timestamp="2024-04-04T13:50:25 IST" skipped="0">
  <testcase classname="TestScript.SearchTestCase3" name="ClickonSearch" time="16.018"/>
</testsuite> <!-- TestScript.SearchTestCase3 -->
