<?xml version="1.0" encoding="UTF-8"?>
<!-- Generated by org.testng.reporters.JUnitReportReporter -->
<testsuite hostname="LAPTOP-8UHT7ERE" failures="0" tests="1" name="TestScript.CreateAcWithExistingEmailTC6" time="18.676" errors="0" timestamp="2024-04-04T17:08:46 IST" skipped="0">
  <testcase classname="TestScript.CreateAcWithExistingEmailTC6" name="CreateAccount" time="18.676"/>
</testsuite> <!-- TestScript.CreateAcWithExistingEmailTC6 -->
