<?xml version="1.0" encoding="UTF-8"?>
<!-- Generated by org.testng.reporters.JUnitReportReporter -->
<testsuite hostname="LAPTOP-8UHT7ERE" failures="0" tests="1" name="TestScript.VerifyYogaCollectionTC18" time="15.247" errors="0" timestamp="2024-04-13T16:40:55 IST" skipped="0">
  <testcase classname="TestScript.VerifyYogaCollectionTC18" name="YogaCollection" time="15.247"/>
</testsuite> <!-- TestScript.VerifyYogaCollectionTC18 -->
