<?xml version="1.0" encoding="UTF-8"?>
<!-- Generated by org.testng.reporters.JUnitReportReporter -->
<testsuite hostname="LAPTOP-8UHT7ERE" failures="0" tests="1" name="TestScript.EditMyAccounTC15" time="25.325" errors="0" timestamp="2024-04-13T14:54:25 IST" skipped="0">
  <testcase classname="TestScript.EditMyAccounTC15" name="SignIn" time="25.325"/>
</testsuite> <!-- TestScript.EditMyAccounTC15 -->
