<?xml version="1.0" encoding="UTF-8"?>
<!-- Generated by org.testng.reporters.JUnitReportReporter -->
<testsuite hostname="LAPTOP-8UHT7ERE" failures="0" tests="1" name="TestScript.OrdersandReturnsTC9" time="18.114" errors="0" timestamp="2024-04-05T15:05:05 IST" skipped="0">
  <testcase classname="TestScript.OrdersandReturnsTC9" name="ClickOnSearchAdvance" time="18.114"/>
</testsuite> <!-- TestScript.OrdersandReturnsTC9 -->
