<?xml version="1.0" encoding="UTF-8"?>
<!-- Generated by org.testng.reporters.JUnitReportReporter -->
<testsuite hostname="LAPTOP-8UHT7ERE" failures="0" tests="1" name="TestScript.ProductSortByPositionTC17" time="17.244" errors="0" timestamp="2024-04-13T16:40:08 IST" skipped="0">
  <testcase classname="TestScript.ProductSortByPositionTC17" name="SortByName" time="17.244"/>
</testsuite> <!-- TestScript.ProductSortByPositionTC17 -->
