<?xml version="1.0" encoding="UTF-8"?>
<!-- Generated by org.testng.reporters.JUnitReportReporter -->
<testsuite hostname="LAPTOP-8UHT7ERE" failures="0" tests="1" name="TestScript.SignInWithInvalidUPTC2" time="16.357" errors="0" timestamp="2024-04-04T16:42:54 IST" skipped="0">
  <testcase classname="TestScript.SignInWithInvalidUPTC2" name="SignIn" time="16.357"/>
</testsuite> <!-- TestScript.SignInWithInvalidUPTC2 -->
