<?xml version="1.0" encoding="UTF-8"?>
<!-- Generated by org.testng.reporters.JUnitReportReporter -->
<testsuite hostname="LAPTOP-8UHT7ERE" failures="0" tests="1" name="TestScript.ProductSortByNameTC16" time="84.121" errors="0" timestamp="2024-04-13T17:02:06 IST" skipped="0">
  <testcase classname="TestScript.ProductSortByNameTC16" name="SortByName" time="84.121"/>
</testsuite> <!-- TestScript.ProductSortByNameTC16 -->
