<?xml version="1.0" encoding="UTF-8"?>
<!-- Generated by org.testng.reporters.JUnitReportReporter -->
<testsuite hostname="LAPTOP-8UHT7ERE" failures="0" tests="1" name="TestScript.SignOutTestCase2" time="19.708" errors="0" timestamp="2024-04-04T16:07:01 IST" skipped="0">
  <testcase classname="TestScript.SignOutTestCase2" name="SignIn" time="19.708"/>
</testsuite> <!-- TestScript.SignOutTestCase2 -->
