<?xml version="1.0" encoding="UTF-8"?>
<!-- Generated by org.testng.reporters.JUnitReportReporter -->
<testsuite hostname="LAPTOP-8UHT7ERE" failures="0" tests="1" name="TestScript.AddToWishListTC14" time="26.502" errors="0" timestamp="2024-04-13T12:48:10 IST" skipped="0">
  <testcase classname="TestScript.AddToWishListTC14" name="AddToWish" time="26.502"/>
</testsuite> <!-- TestScript.AddToWishListTC14 -->
