<?xml version="1.0" encoding="UTF-8"?>
<!-- Generated by org.testng.reporters.JUnitReportReporter -->
<testsuite hostname="LAPTOP-8UHT7ERE" failures="0" tests="1" name="TestScript.PrivacyPolicyTC7" time="17.405" errors="0" timestamp="2024-04-04T18:51:34 IST" skipped="0">
  <testcase classname="TestScript.PrivacyPolicyTC7" name="ClickOnPrivacyPolicy" time="17.405"/>
</testsuite> <!-- TestScript.PrivacyPolicyTC7 -->
