<?xml version="1.0" encoding="UTF-8"?>
<!-- Generated by org.testng.reporters.JUnitReportReporter -->
<testsuite hostname="LAPTOP-8UHT7ERE" failures="0" tests="1" name="TestScript.CreateAccountTestCase2" time="15.059" errors="0" timestamp="2024-04-03T14:22:37 IST" skipped="0">
  <testcase classname="TestScript.CreateAccountTestCase2" name="CreateAccount" time="15.059"/>
</testsuite> <!-- TestScript.CreateAccountTestCase2 -->
